#-----------------------------------------------------------
# Webtalk v2019.1 (64-bit)
# SW Build 2552052 on Fri May 24 14:49:42 MDT 2019
# 
# Start of session at: Fri Feb 19 17:27:37 2021
# Process ID: 12656
# Current directory: C:/embedded/cortex_m3_2a/software/m3_for_arty_a7/sdk_workspace/webtalk
# Command line: wbtcv.exe -mode batch -source sdk_webtalk.tcl
# Log file: C:/embedded/cortex_m3_2a/software/m3_for_arty_a7/sdk_workspace/webtalk/webtalk.log
# Journal file: C:/embedded/cortex_m3_2a/software/m3_for_arty_a7/sdk_workspace/webtalk\webtalk.jou
#-----------------------------------------------------------
source sdk_webtalk.tcl
# webtalk_init -webtalk_dir C:\\embedded\\cortex_m3_2a\\software\\m3_for_arty_a7\\sdk_workspace\\webtalk
# webtalk_register_client -client project
# webtalk_add_data -client project -key date_generated -value "2021-02-19 17:27:34" -context "software_version_and_target_device"
# webtalk_add_data -client project -key product_version -value "SDK v2019.1" -context "software_version_and_target_device"
# webtalk_add_data -client project -key build_version -value "2019.1" -context "software_version_and_target_device"
# webtalk_add_data -client project -key os_platform -value "amd64" -context "software_version_and_target_device"
# webtalk_add_data -client project -key registration_id -value "" -context "software_version_and_target_device"
# webtalk_add_data -client project -key tool_flow -value "SDK" -context "software_version_and_target_device"
# webtalk_add_data -client project -key beta -value "false" -context "software_version_and_target_device"
# webtalk_add_data -client project -key route_design -value "NA" -context "software_version_and_target_device"
# webtalk_add_data -client project -key target_family -value "NA" -context "software_version_and_target_device"
# webtalk_add_data -client project -key target_device -value "NA" -context "software_version_and_target_device"
# webtalk_add_data -client project -key target_package -value "NA" -context "software_version_and_target_device"
# webtalk_add_data -client project -key target_speed -value "NA" -context "software_version_and_target_device"
# webtalk_add_data -client project -key random_id -value "iqfbhlfk667qn4oqjdr1a5vr8u" -context "software_version_and_target_device"
# webtalk_add_data -client project -key project_id -value "2019.1_17" -context "software_version_and_target_device"
# webtalk_add_data -client project -key project_iteration -value "17" -context "software_version_and_target_device"
# webtalk_add_data -client project -key os_name -value "Microsoft Windows 8 or later , 64-bit" -context "user_environment"
# webtalk_add_data -client project -key os_release -value "major release  (build 9200)" -context "user_environment"
# webtalk_add_data -client project -key cpu_name -value "Intel(R) Core(TM) i5-4200H CPU @ 2.80GHz" -context "user_environment"
# webtalk_add_data -client project -key cpu_speed -value "2794 MHz" -context "user_environment"
# webtalk_add_data -client project -key total_processors -value "1" -context "user_environment"
# webtalk_add_data -client project -key system_ram -value "8.474 GB" -context "user_environment"
# webtalk_register_client -client sdk
# webtalk_add_data -client sdk -key uid -value "1613751638203" -context "sdk\\\\bsp/1613751638203"
# webtalk_add_data -client sdk -key hwid -value "1613749305954" -context "sdk\\\\bsp/1613751638203"
# webtalk_add_data -client sdk -key os -value "standalone" -context "sdk\\\\bsp/1613751638203"
# webtalk_add_data -client sdk -key apptemplate -value "null" -context "sdk\\\\bsp/1613751638203"
# webtalk_add_data -client sdk -key RecordType -value "BSPCreation" -context "sdk\\\\bsp/1613751638203"
# webtalk_add_data -client sdk -key uid -value "NA" -context "sdk\\\\bsp/1613752054559"
# webtalk_add_data -client sdk -key RecordType -value "ToolUsage" -context "sdk\\\\bsp/1613752054559"
# webtalk_add_data -client sdk -key BootgenCount -value "0" -context "sdk\\\\bsp/1613752054559"
# webtalk_add_data -client sdk -key DebugCount -value "0" -context "sdk\\\\bsp/1613752054559"
# webtalk_add_data -client sdk -key PerfCount -value "0" -context "sdk\\\\bsp/1613752054559"
# webtalk_add_data -client sdk -key FlashCount -value "0" -context "sdk\\\\bsp/1613752054559"
# webtalk_add_data -client sdk -key CrossTriggCount -value "0" -context "sdk\\\\bsp/1613752054559"
# webtalk_add_data -client sdk -key QemuDebugCount -value "0" -context "sdk\\\\bsp/1613752054559"
# webtalk_transmit -clientid 3434976415 -regid "" -xml C:\\embedded\\cortex_m3_2a\\software\\m3_for_arty_a7\\sdk_workspace\\webtalk\\usage_statistics_ext_sdk.xml -html C:\\embedded\\cortex_m3_2a\\software\\m3_for_arty_a7\\sdk_workspace\\webtalk\\usage_statistics_ext_sdk.html -wdm C:\\embedded\\cortex_m3_2a\\software\\m3_for_arty_a7\\sdk_workspace\\webtalk\\sdk_webtalk.wdm -intro "<H3>SDK Usage Report</H3><BR>"
# webtalk_terminate
INFO: [Common 17-206] Exiting Webtalk at Fri Feb 19 17:27:40 2021...
