01:03:48 INFO  : Registering command handlers for SDK TCF services
01:03:49 INFO  : Launching XSCT server: xsct.bat -interactive C:\embedded\AT426-BU-98000-r0p1-00rel0\software\m3_for_arty_a7\sdk_workspace\temp_xsdb_launch_script.tcl
01:03:58 INFO  : XSCT server has started successfully.
01:03:58 INFO  : Successfully done setting XSCT server connection channel  
01:04:21 INFO  : Successfully done setting SDK workspace  
01:04:21 INFO  : Restoring global repository preferences: 
		 C:\embedded\vivado\Arm_sw_repository
01:04:21 WARN  : Invalid repository path C:\embedded\vivado\Arm_sw_repository.
01:04:21 INFO  : Processing command line option -hwspec C:/embedded/AT426-BU-98000-r0p1-00rel0/software/m3_for_arty_a7_wrapper.hdf.
01:08:07 INFO  : Saving repository preferences.
01:08:07 INFO  : Reading in cores from global repositories: 
		 C:\embedded\AT426-BU-98000-r0p1-00rel0\vivado\Arm_sw_repository
01:08:08 INFO  : Cleaning BSP projects in the workspace.
11:06:45 INFO  : Launching XSCT server: xsct.bat -interactive C:\embedded\cortex_m3_2\software\m3_for_arty_a7\sdk_workspace\temp_xsdb_launch_script.tcl
11:06:52 INFO  : XSCT server has started successfully.
11:07:08 INFO  : Successfully done setting XSCT server connection channel  
11:07:08 INFO  : Successfully done setting SDK workspace  
11:07:08 INFO  : Restoring global repository preferences: 
		 C:\embedded\AT426-BU-98000-r0p1-00rel0\vivado\Arm_sw_repository
11:07:13 INFO  : Registering command handlers for SDK TCF services
11:07:13 INFO  : Processing command line option -hwspec C:/embedded/cortex_m3_2/software/m3_for_arty_a7_wrapper.hdf.
11:13:28 INFO  : Saving repository preferences.
11:13:28 INFO  : Reading in cores from global repositories: 
		 C:\embedded\cortex_m3_2\vivado\Arm_sw_repository
11:13:28 INFO  : Cleaning BSP projects in the workspace.
12:03:59 INFO  : Registering command handlers for SDK TCF services
12:04:00 INFO  : Launching XSCT server: xsct.bat -interactive C:\embedded\cortex_m3_2\software\m3_for_arty_a7\sdk_workspace\temp_xsdb_launch_script.tcl
12:04:04 INFO  : XSCT server has started successfully.
12:04:05 INFO  : Restoring global repository preferences: 
		 C:\embedded\cortex_m3_2\vivado\Arm_sw_repository
12:04:05 INFO  : Successfully done setting XSCT server connection channel  
12:04:05 INFO  : Processing command line option -hwspec C:/embedded/cortex_m3_2/software/m3_for_arty_a7_wrapper.hdf.
12:04:05 INFO  : Successfully done setting SDK workspace  
12:04:05 INFO  : Checking for hwspec changes in the project m3_for_arty_a7_wrapper_hw_platform_1.
12:04:08 INFO  : SDK has detected change in the last modified timestamps for source hardware specification file Source:1613473413462,  Project:1613469934541
12:04:08 INFO  : The hardware specification for project 'm3_for_arty_a7_wrapper_hw_platform_1' is different from C:/embedded/cortex_m3_2/software/m3_for_arty_a7_wrapper.hdf.
12:04:08 INFO  : Copied contents of C:/embedded/cortex_m3_2/software/m3_for_arty_a7_wrapper.hdf into \m3_for_arty_a7_wrapper_hw_platform_1\system.hdf.
12:04:09 INFO  : Synchronizing projects in the workspace with the hardware platform specification changes.
12:04:12 INFO  : 
12:04:12 INFO  : Clearing existing target manager status.
12:07:10 INFO  : Launching XSCT server: xsct.bat -interactive C:\embedded\cortex_m3_2\software\m3_for_arty_a7\sdk_workspace\temp_xsdb_launch_script.tcl
12:07:13 INFO  : XSCT server has started successfully.
12:07:13 INFO  : Successfully done setting XSCT server connection channel  
12:07:16 INFO  : Successfully done setting SDK workspace  
12:07:18 INFO  : Registering command handlers for SDK TCF services
12:07:20 INFO  : Restoring global repository preferences: 
		 C:\embedded\cortex_m3_2\vivado\Arm_sw_repository
12:07:20 INFO  : Processing command line option -hwspec C:/embedded/cortex_m3_2/software/m3_for_arty_a7_wrapper.hdf.
12:07:20 INFO  : Checking for hwspec changes in the project m3_for_arty_a7_wrapper_hw_platform_1.
12:07:20 INFO  : SDK has detected change in the last modified timestamps for source hardware specification file Source:1613473611456,  Project:1613473413462
12:07:20 INFO  : The hardware specification for project 'm3_for_arty_a7_wrapper_hw_platform_1' is different from C:/embedded/cortex_m3_2/software/m3_for_arty_a7_wrapper.hdf.
12:07:20 INFO  : Copied contents of C:/embedded/cortex_m3_2/software/m3_for_arty_a7_wrapper.hdf into \m3_for_arty_a7_wrapper_hw_platform_1\system.hdf.
12:07:21 INFO  : Synchronizing projects in the workspace with the hardware platform specification changes.
12:07:21 INFO  : Clearing existing target manager status.
12:07:21 INFO  : Workspace synchronized with the new hardware specification file. Cleaning dependent projects...
12:07:21 WARN  : Linker script will not be updated automatically. Users need to update it manually.
16:10:59 INFO  : Registering command handlers for SDK TCF services
16:11:00 INFO  : Launching XSCT server: xsct.bat -interactive C:\embedded\cortex_m3_2\software\m3_for_arty_a7\sdk_workspace\temp_xsdb_launch_script.tcl
16:11:07 INFO  : XSCT server has started successfully.
16:11:23 INFO  : Successfully done setting XSCT server connection channel  
16:11:23 INFO  : Successfully done setting SDK workspace  
16:11:23 INFO  : Restoring global repository preferences: 
		 C:\embedded\cortex_m3_2\vivado\Arm_sw_repository
16:11:23 INFO  : Processing command line option -hwspec C:/embedded/cortex_m3_2/software/m3_for_arty_a7_wrapper.hdf.
16:11:23 INFO  : Checking for hwspec changes in the project m3_for_arty_a7_wrapper_hw_platform_1.
16:11:29 INFO  : SDK has detected change in the last modified timestamps for source hardware specification file Source:1613747377287,  Project:1613473611456
16:11:29 INFO  : The hardware specification for project 'm3_for_arty_a7_wrapper_hw_platform_1' is different from C:/embedded/cortex_m3_2/software/m3_for_arty_a7_wrapper.hdf.
16:11:30 INFO  : Copied contents of C:/embedded/cortex_m3_2/software/m3_for_arty_a7_wrapper.hdf into \m3_for_arty_a7_wrapper_hw_platform_1\system.hdf.
16:11:30 INFO  : Synchronizing projects in the workspace with the hardware platform specification changes.
16:11:30 INFO  : Clearing existing target manager status.
16:11:30 INFO  : Workspace synchronized with the new hardware specification file. Cleaning dependent projects...
16:11:30 WARN  : Linker script will not be updated automatically. Users need to update it manually.
16:41:35 INFO  : Launching XSCT server: xsct.bat -interactive C:\embedded\cortex_m3_2a\software\m3_for_arty_a7\sdk_workspace\temp_xsdb_launch_script.tcl
16:41:38 INFO  : XSCT server has started successfully.
16:41:38 INFO  : Successfully done setting XSCT server connection channel  
16:41:39 INFO  : Successfully done setting SDK workspace  
16:41:39 INFO  : Restoring global repository preferences: 
		 C:\embedded\cortex_m3_2\vivado\Arm_sw_repository
16:41:41 INFO  : Registering command handlers for SDK TCF services
16:41:41 INFO  : Processing command line option -hwspec C:/embedded/cortex_m3_2a/software/m3_for_arty_a7_wrapper.hdf.
16:53:26 INFO  : Launching XSCT server: xsct.bat -interactive C:\embedded\cortex_m3_2a\software\m3_for_arty_a7\sdk_workspace\temp_xsdb_launch_script.tcl
16:53:29 INFO  : XSCT server has started successfully.
16:53:29 INFO  : Successfully done setting XSCT server connection channel  
16:53:29 INFO  : Restoring global repository preferences: 
		 C:\embedded\cortex_m3_2\vivado\Arm_sw_repository
16:53:29 INFO  : Successfully done setting SDK workspace  
16:53:32 INFO  : Registering command handlers for SDK TCF services
16:53:32 INFO  : Processing command line option -hwspec C:/embedded/cortex_m3_2a/software/m3_for_arty_a7_wrapper.hdf.
16:53:32 INFO  : Checking for hwspec changes in the project m3_for_arty_a7_wrapper_hw_platform_0.
16:53:36 INFO  : SDK has detected change in the last modified timestamps for source hardware specification file Source:1613749969395,  Project:1613749246293
16:53:36 INFO  : The hardware specification for project 'm3_for_arty_a7_wrapper_hw_platform_0' is different from C:/embedded/cortex_m3_2a/software/m3_for_arty_a7_wrapper.hdf.
16:53:36 INFO  : Copied contents of C:/embedded/cortex_m3_2a/software/m3_for_arty_a7_wrapper.hdf into \m3_for_arty_a7_wrapper_hw_platform_0\system.hdf.
16:53:36 INFO  : Synchronizing projects in the workspace with the hardware platform specification changes.
16:53:38 INFO  : Clearing existing target manager status.
16:53:38 INFO  : Workspace synchronized with the new hardware specification file. Cleaning dependent projects...
16:53:38 WARN  : Linker script will not be updated automatically. Users need to update it manually.
17:06:47 INFO  : Launching XSCT server: xsct.bat -interactive C:\embedded\cortex_m3_2a\software\m3_for_arty_a7\sdk_workspace\temp_xsdb_launch_script.tcl
17:06:50 INFO  : XSCT server has started successfully.
17:06:50 INFO  : Successfully done setting XSCT server connection channel  
17:06:50 INFO  : Restoring global repository preferences: 
		 C:\embedded\cortex_m3_2\vivado\Arm_sw_repository
17:06:50 INFO  : Successfully done setting SDK workspace  
17:06:52 INFO  : Registering command handlers for SDK TCF services
17:06:52 INFO  : Processing command line option -hwspec C:/embedded/cortex_m3_2a/software/m3_for_arty_a7_wrapper.hdf.
17:06:53 INFO  : Checking for hwspec changes in the project m3_for_arty_a7_wrapper_hw_platform_0.
17:06:57 INFO  : SDK has detected change in the last modified timestamps for source hardware specification file Source:1613750768501,  Project:1613749969395
17:06:57 INFO  : The hardware specification for project 'm3_for_arty_a7_wrapper_hw_platform_0' is different from C:/embedded/cortex_m3_2a/software/m3_for_arty_a7_wrapper.hdf.
17:06:57 INFO  : Copied contents of C:/embedded/cortex_m3_2a/software/m3_for_arty_a7_wrapper.hdf into \m3_for_arty_a7_wrapper_hw_platform_0\system.hdf.
17:06:57 INFO  : Synchronizing projects in the workspace with the hardware platform specification changes.
17:06:58 INFO  : Clearing existing target manager status.
17:06:58 INFO  : Workspace synchronized with the new hardware specification file. Cleaning dependent projects...
17:06:58 WARN  : Linker script will not be updated automatically. Users need to update it manually.
17:19:52 INFO  : Launching XSCT server: xsct.bat -interactive C:\embedded\cortex_m3_2a\software\m3_for_arty_a7\sdk_workspace\temp_xsdb_launch_script.tcl
17:19:57 INFO  : XSCT server has started successfully.
17:19:57 INFO  : Successfully done setting XSCT server connection channel  
17:20:01 INFO  : Successfully done setting SDK workspace  
17:20:01 INFO  : Restoring global repository preferences: 
		 C:\embedded\cortex_m3_2\vivado\Arm_sw_repository
17:20:04 INFO  : Registering command handlers for SDK TCF services
17:20:04 INFO  : Processing command line option -hwspec C:/embedded/cortex_m3_2a/software/m3_for_arty_a7_wrapper.hdf.
17:20:05 INFO  : Checking for hwspec changes in the project m3_for_arty_a7_wrapper_hw_platform_0.
17:20:11 INFO  : SDK has detected change in the last modified timestamps for source hardware specification file Source:1613751538154,  Project:1613750768501
17:20:11 INFO  : The hardware specification for project 'm3_for_arty_a7_wrapper_hw_platform_0' is different from C:/embedded/cortex_m3_2a/software/m3_for_arty_a7_wrapper.hdf.
17:20:11 INFO  : Copied contents of C:/embedded/cortex_m3_2a/software/m3_for_arty_a7_wrapper.hdf into \m3_for_arty_a7_wrapper_hw_platform_0\system.hdf.
17:20:11 INFO  : Synchronizing projects in the workspace with the hardware platform specification changes.
17:20:12 INFO  : Clearing existing target manager status.
17:20:12 INFO  : Workspace synchronized with the new hardware specification file. Cleaning dependent projects...
17:20:12 WARN  : Linker script will not be updated automatically. Users need to update it manually.
11:25:51 INFO  : Launching XSCT server: xsct.bat -interactive C:\embedded\new_vivado_project\cortex_m3_2a-20210219T164022Z-001\cortex_m3_2a\software\m3_for_arty_a7\sdk_workspace\temp_xsdb_launch_script.tcl
11:26:01 INFO  : XSCT server has started successfully.
11:26:20 INFO  : Successfully done setting XSCT server connection channel  
11:26:20 INFO  : Restoring global repository preferences: 
		 C:\embedded\ARM_CORTEX\CORTEX_M3\AT426-BU-98000-r0p1-00rel0\vivado\Arm_sw_repository
11:26:20 INFO  : Successfully done setting SDK workspace  
11:26:24 INFO  : Registering command handlers for SDK TCF services
11:26:24 INFO  : Processing command line option -hwspec C:/embedded/new_vivado_project/cortex_m3_2a-20210219T164022Z-001/cortex_m3_2a/software/m3_for_arty_a7_wrapper.hdf.
11:39:41 INFO  : Launching XSCT server: xsct.bat -interactive C:\embedded\new_vivado_project\cortex_m3_2a-20210219T164022Z-001\cortex_m3_2a\software\m3_for_arty_a7\sdk_workspace\temp_xsdb_launch_script.tcl
11:39:46 INFO  : XSCT server has started successfully.
11:39:46 INFO  : Successfully done setting XSCT server connection channel  
11:39:47 INFO  : Restoring global repository preferences: 
		 C:\embedded\ARM_CORTEX\CORTEX_M3\AT426-BU-98000-r0p1-00rel0\vivado\Arm_sw_repository
11:39:47 INFO  : Successfully done setting SDK workspace  
11:39:47 ERROR : Unable to load properties file .sdkproject for project standalone_bsp_0.
11:39:49 INFO  : Registering command handlers for SDK TCF services
11:39:49 INFO  : Processing command line option -hwspec C:/embedded/new_vivado_project/cortex_m3_2a-20210219T164022Z-001/cortex_m3_2a/software/m3_for_arty_a7_wrapper.hdf.
11:39:49 ERROR : Unable to load properties file .sdkproject for project standalone_bsp_0.
11:39:49 ERROR : Unable to load properties file .sdkproject for project standalone_bsp_0.
11:39:50 INFO  : Checking for hwspec changes in the project m3_for_arty_a7_wrapper_hw_platform_1.
11:39:51 ERROR : (XSDB Server)ERROR: [HDF 64-5] File not found - C:/embedded/new_vivado_project/cortex_m3_2a-20210219T164022Z-001/cortex_m3_2a/software/m3_for_arty_a7/sdk_workspace/m3_for_arty_a7_wrapper_hw_platform_1/system.hdf

11:39:51 ERROR : (XSDB Server)ERROR: [Hsi 55-1451] Error: running open_hw_design.

11:39:51 ERROR : Failed to openhw "C:/embedded/new_vivado_project/cortex_m3_2a-20210219T164022Z-001/cortex_m3_2a/software/m3_for_arty_a7/sdk_workspace/m3_for_arty_a7_wrapper_hw_platform_1/system.hdf"
Reason: ERROR: [Common 17-39] 'hsi::open_hw_design' failed due to earlier errors.

11:39:51 INFO  : Project m3_for_arty_a7_wrapper_hw_platform_1's source hardware specification location will not be monitored anymore.
11:40:01 ERROR : Unable to load properties file .sdkproject for project standalone_bsp_0.
11:40:02 ERROR : (XSDB Server)ERROR: [HDF 64-5] File not found - C:/embedded/new_vivado_project/cortex_m3_2a-20210219T164022Z-001/cortex_m3_2a/software/m3_for_arty_a7/sdk_workspace/m3_for_arty_a7_wrapper_hw_platform_1/system.hdf

11:40:02 ERROR : (XSDB Server)ERROR: [Hsi 55-1451] Error: running open_hw_design.

11:40:02 ERROR : Failed to openhw "C:/embedded/new_vivado_project/cortex_m3_2a-20210219T164022Z-001/cortex_m3_2a/software/m3_for_arty_a7/sdk_workspace/m3_for_arty_a7_wrapper_hw_platform_1/system.hdf"
Reason: ERROR: [Common 17-39] 'hsi::open_hw_design' failed due to earlier errors.

11:40:43 INFO  : Registering command handlers for SDK TCF services
11:40:45 INFO  : Launching XSCT server: xsct.bat -interactive C:\embedded\new_vivado_project\cortex_m3_2a-20210219T164022Z-001\cortex_m3_2a\software\m3_for_arty_a7\sdk_workspace\temp_xsdb_launch_script.tcl
11:40:48 INFO  : XSCT server has started successfully.
11:40:48 INFO  : Successfully done setting XSCT server connection channel  
11:40:48 INFO  : Restoring global repository preferences: 
		 C:\embedded\ARM_CORTEX\CORTEX_M3\AT426-BU-98000-r0p1-00rel0\vivado\Arm_sw_repository
11:40:48 INFO  : Successfully done setting SDK workspace  
11:40:48 INFO  : Processing command line option -hwspec C:/embedded/new_vivado_project/cortex_m3_2a-20210219T164022Z-001/cortex_m3_2a/software/m3_for_arty_a7_wrapper.hdf.
11:54:45 INFO  : Launching XSCT server: xsct.bat -interactive C:\embedded\new_vivado_project\cortex_m3_2a-20210219T164022Z-001\cortex_m3_2a\software\m3_for_arty_a7\sdk_workspace\temp_xsdb_launch_script.tcl
11:54:50 INFO  : XSCT server has started successfully.
11:54:50 INFO  : Successfully done setting XSCT server connection channel  
11:54:50 INFO  : Restoring global repository preferences: 
		 C:\embedded\ARM_CORTEX\CORTEX_M3\AT426-BU-98000-r0p1-00rel0\vivado\Arm_sw_repository
11:54:50 INFO  : Successfully done setting SDK workspace  
11:54:52 INFO  : Registering command handlers for SDK TCF services
11:54:52 INFO  : Processing command line option -hwspec C:/embedded/new_vivado_project/cortex_m3_2a-20210219T164022Z-001/cortex_m3_2a/software/m3_for_arty_a7_wrapper.hdf.
