#-----------------------------------------------------------
# Vivado v2019.1 (64-bit)
# SW Build 2552052 on Fri May 24 14:49:42 MDT 2019
# IP Build 2548770 on Fri May 24 18:01:18 MDT 2019
# Start of session at: Wed Mar 17 14:25:00 2021
# Process ID: 11676
# Current directory: C:/embedded/new_vivado_project/cortex_m3_6/cortex_m3_2a/hardware/m3_for_arty_a7/m3_for_arty_a7/m3_for_arty_a7.sim/sim_1/behav/xsim
# Command line: vivado.exe -gui_launcher_event rodinguilauncherevent6644 C:\embedded\new_vivado_project\cortex_m3_6\cortex_m3_2a\hardware\m3_for_arty_a7\m3_for_arty_a7\m3_for_arty_a7.sim\sim_1\behav\xsim\N25Qxxx_behav.wdb
# Log file: C:/embedded/new_vivado_project/cortex_m3_6/cortex_m3_2a/hardware/m3_for_arty_a7/m3_for_arty_a7/m3_for_arty_a7.sim/sim_1/behav/xsim/vivado.log
# Journal file: C:/embedded/new_vivado_project/cortex_m3_6/cortex_m3_2a/hardware/m3_for_arty_a7/m3_for_arty_a7/m3_for_arty_a7.sim/sim_1/behav/xsim\vivado.jou
#-----------------------------------------------------------
start_gui
open_wave_database {C:\embedded\new_vivado_project\cortex_m3_6\cortex_m3_2a\hardware\m3_for_arty_a7\m3_for_arty_a7\m3_for_arty_a7.sim\sim_1\behav\xsim\N25Qxxx_behav.wdb}
INFO: [IP_Flow 19-234] Refreshing IP repositories
INFO: [IP_Flow 19-1704] No user IP repositories specified
INFO: [IP_Flow 19-2313] Loaded Vivado IP repository 'D:/embedded/xilinx/Vivado/2019.1/data/ip'.
open_wave_database: Time (s): cpu = 00:00:15 ; elapsed = 00:00:06 . Memory (MB): peak = 716.168 ; gain = 64.379
close_sim
INFO: [Simtcl 6-16] Simulation closed
exit
INFO: [Common 17-206] Exiting Vivado at Wed Mar 17 14:25:29 2021...
